c:\users\adams_000\documents\visual studio 2013\projects\dspcoursework\template\opengltemplate\debug\vc120.pdb
c:\users\adams_000\documents\visual studio 2013\projects\dspcoursework\template\opengltemplate\debug\vc120.idb
c:\users\adams_000\documents\visual studio 2013\projects\dspcoursework\template\opengltemplate\debug\audio.obj
c:\users\adams_000\documents\visual studio 2013\projects\dspcoursework\template\opengltemplate\debug\camera.obj
c:\users\adams_000\documents\visual studio 2013\projects\dspcoursework\template\opengltemplate\debug\catmullrom.obj
c:\users\adams_000\documents\visual studio 2013\projects\dspcoursework\template\opengltemplate\debug\freetypefont.obj
c:\users\adams_000\documents\visual studio 2013\projects\dspcoursework\template\opengltemplate\debug\game.obj
c:\users\adams_000\documents\visual studio 2013\projects\dspcoursework\template\opengltemplate\debug\gamewindow.obj
c:\users\adams_000\documents\visual studio 2013\projects\dspcoursework\template\opengltemplate\debug\highresolutiontimer.obj
c:\users\adams_000\documents\visual studio 2013\projects\dspcoursework\template\opengltemplate\debug\matrixstack.obj
c:\users\adams_000\documents\visual studio 2013\projects\dspcoursework\template\opengltemplate\debug\openassetimportmesh.obj
c:\users\adams_000\documents\visual studio 2013\projects\dspcoursework\template\opengltemplate\debug\pickup.obj
c:\users\adams_000\documents\visual studio 2013\projects\dspcoursework\template\opengltemplate\debug\plane.obj
c:\users\adams_000\documents\visual studio 2013\projects\dspcoursework\template\opengltemplate\debug\shaders.obj
c:\users\adams_000\documents\visual studio 2013\projects\dspcoursework\template\opengltemplate\debug\skybox.obj
c:\users\adams_000\documents\visual studio 2013\projects\dspcoursework\template\opengltemplate\debug\sphere.obj
c:\users\adams_000\documents\visual studio 2013\projects\dspcoursework\template\opengltemplate\debug\texture.obj
c:\users\adams_000\documents\visual studio 2013\projects\dspcoursework\template\opengltemplate\debug\vertexbufferobject.obj
c:\users\adams_000\documents\visual studio 2013\projects\dspcoursework\template\opengltemplate\debug\vertexbufferobjectindexed.obj
c:\users\adams_000\documents\visual studio 2013\projects\dspcoursework\template\debug\opengltemplate.exe
c:\users\adams_000\documents\visual studio 2013\projects\dspcoursework\template\debug\opengltemplate.pdb
c:\users\adams_000\documents\visual studio 2013\projects\dspcoursework\template\opengltemplate\debug\opengltemplate.tlog\cl.command.1.tlog
c:\users\adams_000\documents\visual studio 2013\projects\dspcoursework\template\opengltemplate\debug\opengltemplate.tlog\cl.read.1.tlog
c:\users\adams_000\documents\visual studio 2013\projects\dspcoursework\template\opengltemplate\debug\opengltemplate.tlog\cl.write.1.tlog
c:\users\adams_000\documents\visual studio 2013\projects\dspcoursework\template\opengltemplate\debug\opengltemplate.tlog\link.command.1.tlog
c:\users\adams_000\documents\visual studio 2013\projects\dspcoursework\template\opengltemplate\debug\opengltemplate.tlog\link.read.1.tlog
c:\users\adams_000\documents\visual studio 2013\projects\dspcoursework\template\opengltemplate\debug\opengltemplate.tlog\link.write.1.tlog
