Build started 8/13/2015 1:04:18 PM.
     1>Project "C:\Users\adams_000\Documents\Visual Studio 2013\Projects\DSPCoursework\Template\OpenGLTemplate\OpenGLTemplate.vcxproj" on node 2 (Build target(s)).
     1>ClCompile:
         C:\Program Files (x86)\Microsoft Visual Studio 12.0\VC\bin\CL.exe /c /I.\include\assimp /I.\include\freetype\freetype2\freetype /I.\include\freetype /Zi /nologo /W3 /WX- /Od /Oy- /D WIN32 /D _DEBUG /D _WINDOWS /Gm /EHsc /RTC1 /MTd /GS /fp:precise /Zc:wchar_t /Zc:forScope /Fo"Debug\\" /Fd"Debug\vc120.pdb" /Gd /TP /analyze- /errorReport:prompt Audio.cpp
         Audio.cpp
       Link:
         C:\Program Files (x86)\Microsoft Visual Studio 12.0\VC\bin\link.exe /ERRORREPORT:PROMPT /OUT:"C:\Users\adams_000\Documents\Visual Studio 2013\Projects\DSPCoursework\Template\Debug\OpenGLTemplate.exe" /INCREMENTAL:NO /NOLOGO /LIBPATH:./lib glew32.lib opengl32.Lib kernel32.lib user32.lib gdi32.lib winspool.lib comdlg32.lib advapi32.lib shell32.lib ole32.lib oleaut32.lib uuid.lib odbc32.lib odbccp32.lib /MANIFEST /MANIFESTUAC:"level='asInvoker' uiAccess='false'" /manifest:embed /DEBUG /PDB:"C:\Users\adams_000\Documents\Visual Studio 2013\Projects\DSPCoursework\Template\Debug\OpenGLTemplate.pdb" /SUBSYSTEM:WINDOWS /TLBID:1 /DYNAMICBASE /NXCOMPAT /IMPLIB:"C:\Users\adams_000\Documents\Visual Studio 2013\Projects\DSPCoursework\Template\Debug\OpenGLTemplate.lib" /MACHINE:X86 Debug\Audio.obj
         Debug\Camera.obj
         Debug\FreeTypeFont.obj
         Debug\Game.obj
         Debug\GameWindow.obj
         Debug\HighResolutionTimer.obj
         Debug\MatrixStack.obj
         Debug\OpenAssetImportMesh.obj
         Debug\Plane.obj
         Debug\Shaders.obj
         Debug\Skybox.obj
         Debug\Sphere.obj
         Debug\Texture.obj
         Debug\VertexBufferObject.obj
         Debug\VertexBufferObjectIndexed.obj
     1>VertexBufferObjectIndexed.obj : warning LNK4099: PDB 'vc120.pdb' was not found with 'VertexBufferObjectIndexed.obj' or at 'C:\Users\adams_000\Documents\Visual Studio 2013\Projects\DSPCoursework\Template\Debug\vc120.pdb'; linking object as if no debug info
     1>VertexBufferObject.obj : warning LNK4099: PDB 'vc120.pdb' was not found with 'VertexBufferObject.obj' or at 'C:\Users\adams_000\Documents\Visual Studio 2013\Projects\DSPCoursework\Template\Debug\vc120.pdb'; linking object as if no debug info
     1>Texture.obj : warning LNK4099: PDB 'vc120.pdb' was not found with 'Texture.obj' or at 'C:\Users\adams_000\Documents\Visual Studio 2013\Projects\DSPCoursework\Template\Debug\vc120.pdb'; linking object as if no debug info
     1>Sphere.obj : warning LNK4099: PDB 'vc120.pdb' was not found with 'Sphere.obj' or at 'C:\Users\adams_000\Documents\Visual Studio 2013\Projects\DSPCoursework\Template\Debug\vc120.pdb'; linking object as if no debug info
     1>Skybox.obj : warning LNK4099: PDB 'vc120.pdb' was not found with 'Skybox.obj' or at 'C:\Users\adams_000\Documents\Visual Studio 2013\Projects\DSPCoursework\Template\Debug\vc120.pdb'; linking object as if no debug info
     1>Shaders.obj : warning LNK4099: PDB 'vc120.pdb' was not found with 'Shaders.obj' or at 'C:\Users\adams_000\Documents\Visual Studio 2013\Projects\DSPCoursework\Template\Debug\vc120.pdb'; linking object as if no debug info
     1>Plane.obj : warning LNK4099: PDB 'vc120.pdb' was not found with 'Plane.obj' or at 'C:\Users\adams_000\Documents\Visual Studio 2013\Projects\DSPCoursework\Template\Debug\vc120.pdb'; linking object as if no debug info
     1>OpenAssetImportMesh.obj : warning LNK4099: PDB 'vc120.pdb' was not found with 'OpenAssetImportMesh.obj' or at 'C:\Users\adams_000\Documents\Visual Studio 2013\Projects\DSPCoursework\Template\Debug\vc120.pdb'; linking object as if no debug info
     1>MatrixStack.obj : warning LNK4099: PDB 'vc120.pdb' was not found with 'MatrixStack.obj' or at 'C:\Users\adams_000\Documents\Visual Studio 2013\Projects\DSPCoursework\Template\Debug\vc120.pdb'; linking object as if no debug info
     1>HighResolutionTimer.obj : warning LNK4099: PDB 'vc120.pdb' was not found with 'HighResolutionTimer.obj' or at 'C:\Users\adams_000\Documents\Visual Studio 2013\Projects\DSPCoursework\Template\Debug\vc120.pdb'; linking object as if no debug info
     1>GameWindow.obj : warning LNK4099: PDB 'vc120.pdb' was not found with 'GameWindow.obj' or at 'C:\Users\adams_000\Documents\Visual Studio 2013\Projects\DSPCoursework\Template\Debug\vc120.pdb'; linking object as if no debug info
     1>FreeTypeFont.obj : warning LNK4099: PDB 'vc120.pdb' was not found with 'FreeTypeFont.obj' or at 'C:\Users\adams_000\Documents\Visual Studio 2013\Projects\DSPCoursework\Template\Debug\vc120.pdb'; linking object as if no debug info
         OpenGLTemplate.vcxproj -> C:\Users\adams_000\Documents\Visual Studio 2013\Projects\DSPCoursework\Template\Debug\OpenGLTemplate.exe
     1>Done Building Project "C:\Users\adams_000\Documents\Visual Studio 2013\Projects\DSPCoursework\Template\OpenGLTemplate\OpenGLTemplate.vcxproj" (Build target(s)).

Build succeeded.

Time Elapsed 00:00:00.78
